
ROM used:   2564/8192 (31%)
            2623/8192 (32%) including unused fragments

            2.0 Average locations per line
            16.9 Average locations per statement

RAM used:   42/368 (11%) at main() level
            91/368 (25%) worst case

Stack used: 8 worst case (5 in main + 3 for interrupts)
Stack size: 8

Lines Stmts  %   Files
----- ----- ---  -----
  156    68  45  Esclavo.c
  685     0   0  ..\..\..\..\..\..\Program Files (x86)\PICC\Devices\16f877a.h
  456    84  55  ..\..\..\..\..\..\Program Files (x86)\PICC\Drivers\lcd.c
----- -----
 1297   152 Total

Page ROM  %  RAM    Vol Diff  Functions:
---- --- --- ---    --- ----  ----------
0     21   1    1             @delay_ms1
 Inline         3    596  5.9  lcd_read_byte
0      6   0    0     59  4.2  lcd_read_nibble
0     12   0    1    179  3.3  lcd_send_nibble
0     64   2    3    460  4.7  lcd_send_byte
0     62   2    6    814  7.2  lcd_init
0     18   1    4    208  6.3  lcd_gotoxy
0     44   2    1    354  4.7  lcd_putc
0    352  14    9   1535  7.7  ssp_isr
0      4   0    0    320  3.6  @const688
0     89   3    5    320  3.6  @PSTRINGCN7_9600_62_63
0     21   1    3    320  3.6  @DIV88
 Inline         6    320  3.6  @PRINTF_D_9600_62_63
0     27   1    0    419  4.9  @goto58093
0     29   1    2    417  5.0  @ITOF
0    117   5   13    320  3.6  @MULFF
0    321  13   16    320  3.6  @ADDFF
0     14   1    0    320  3.6  @const707
0     31   1    5             @FTOSD
0     79   3   13             @DIV3232
0    199   8   13    320  3.6  @PRINTF_L32D_9600_62_63FPFPF
0     14   1    0             @const716
0     13   1    0    320  3.6  @const717
1    340  13    4    842  5.6  MAIN
0    204   8   14    320  3.6  @DIVFF
0     65   3   10             @FLT
1    235   9   13             @PRINTF_L32D_667FPFPF
0    102   4    6             @PRINTF_D_667
 Inline         0             @cinit1

Program metrics:
    Functions               21
    Statements              152
    Comments                261
    Volume (V)              15864
    Difficulty (D)          93.3
    Effort to implement (E) 1479700
    Time to implement (T)   22 hours, 50 minutes
    Est Delivered Bugs (B)  4
    Cyclomatic Complexity   23
    Maintainability (MI)    68

 Segment     Used  Free
-----------  ----  ----
00000-00003     4  0  
00004-00050    77  0  
00051-007FF  1908  59  
00800-00FFF   575  1473  
01000-017FF     0  2048  
01800-01FFF     0  2048  



