
ROM used:   529/8192 (6%)
            529/8192 (6%) including unused fragments

            0.4 Average locations per line
            2.8 Average locations per statement

RAM used:   22/368 (6%) at main() level
            27/368 (7%) worst case

Stack used: 0 worst case (0 in main + 0 for interrupts)
Stack size: 8

Lines Stmts  %   Files
----- ----- ---  -----
  106    20  11  Maestro.c
  685     0   0  ..\..\..\..\..\..\Program Files (x86)\PICC\Devices\16f877a.h
  135    40  21  ..\..\..\..\..\..\Program Files (x86)\PICC\Drivers\kbd.c
   37     0   0  ..\..\..\..\..\..\Program Files (x86)\PICC\Drivers\stdio.h
  435   129  68  ..\..\..\..\..\..\Program Files (x86)\PICC\Drivers\string.h
   32     0   0  ..\..\..\..\..\..\Program Files (x86)\PICC\Drivers\stddef.h
   28     0   0  ..\..\..\..\..\..\Program Files (x86)\PICC\Drivers\ctype.h
----- -----
 1458   189 Total

Page ROM  %  RAM    Vol Diff  Functions:
---- --- --- ---    --- ----  ----------
0     16   3    0             @const640
0      3   1    0      3  0.0  kbd_init
0    138  26    3   4708 10.8  kbd_getc
 Inline         2             @MUL88
0    151  29    8    669  5.0  MAIN
0     29   5    0             @const759
0     90  17    4             @PSTRINGC7_9600_62_63
0      7   1    0             @const764
0     91  17    5             @PSTRINGCN7_9600_62_63
 Inline         0             @cinit1

Program metrics:
    Functions               3
    Statements              189
    Comments                412
    Volume (V)              5872
    Difficulty (D)          16.2
    Effort to implement (E) 95218
    Time to implement (T)   1 hours, 28 minutes
    Est Delivered Bugs (B)  1
    Cyclomatic Complexity   13
    Maintainability (MI)    31

 Segment     Used  Free
-----------  ----  ----
00000-00003     4  0  
00004-007FF   525  1519  
00800-00FFF     0  2048  
01000-017FF     0  2048  
01800-01FFF     0  2048  



